<?xml version="1.0" encoding="UTF-8"?>
<robot generator="Robot 4.0.3 (Python 3.7.4 on win32)" generated="20220103 09:48:29.598" rpa="true" schemaversion="2">
<suite id="s1" name="Service" source="D:\Folder Aufar (7271)\General Projects\Scraping\Dicoding\service.robot">
<test id="s1-t1" name="Login Dicoding">
<kw name="Open Browser" library="SeleniumLibrary">
<arg>${url}</arg>
<arg>${browser}</arg>
<doc>Opens a new browser instance to the optional ``url``.</doc>
<msg timestamp="20220103 09:48:29.903" level="INFO">Opening browser 'Chrome' to base url 'https://www.dicoding.com/academies/266'.</msg>
<status status="PASS" starttime="20220103 09:48:29.902" endtime="20220103 09:48:36.643"/>
</kw>
<kw name="Maximize Browser Window" library="SeleniumLibrary">
<doc>Maximizes current browser window.</doc>
<status status="PASS" starttime="20220103 09:48:36.644" endtime="20220103 09:48:36.765"/>
</kw>
<kw name="Wait Until Element Is Visible" library="SeleniumLibrary">
<arg>//*[contains(text(),'Masuk')]</arg>
<doc>Waits until the element ``locator`` is visible.</doc>
<status status="PASS" starttime="20220103 09:48:36.766" endtime="20220103 09:48:36.825"/>
</kw>
<kw name="Click Element" library="SeleniumLibrary">
<arg>//*[contains(text(),'Masuk')]</arg>
<doc>Click the element identified by ``locator``.</doc>
<msg timestamp="20220103 09:48:36.829" level="INFO">Clicking element '//*[contains(text(),'Masuk')]'.</msg>
<status status="PASS" starttime="20220103 09:48:36.828" endtime="20220103 09:48:36.899"/>
</kw>
<kw name="Wait Until Element Is Visible" library="SeleniumLibrary">
<arg>//*[@id="login_email"]</arg>
<doc>Waits until the element ``locator`` is visible.</doc>
<status status="PASS" starttime="20220103 09:48:36.900" endtime="20220103 09:48:37.167"/>
</kw>
<kw name="Sleep" library="BuiltIn">
<arg>1</arg>
<doc>Pauses the test executed for the given time.</doc>
<msg timestamp="20220103 09:48:38.169" level="INFO">Slept 1 second</msg>
<status status="PASS" starttime="20220103 09:48:37.167" endtime="20220103 09:48:38.170"/>
</kw>
<kw name="Input Text" library="SeleniumLibrary">
<arg>//*[@id="login_email"]</arg>
<arg>${username}</arg>
<doc>Types the given ``text`` into the text field identified by ``locator``.</doc>
<msg timestamp="20220103 09:48:38.172" level="INFO">Typing text 'm.aufar12@gmail.com' into text field '//*[@id="login_email"]'.</msg>
<status status="PASS" starttime="20220103 09:48:38.171" endtime="20220103 09:48:38.294"/>
</kw>
<kw name="Input Text" library="SeleniumLibrary">
<arg>//*[@id="login_password"]</arg>
<arg>${password}</arg>
<doc>Types the given ``text`` into the text field identified by ``locator``.</doc>
<msg timestamp="20220103 09:48:38.295" level="INFO">Typing text 'metalchameleon2' into text field '//*[@id="login_password"]'.</msg>
<status status="PASS" starttime="20220103 09:48:38.295" endtime="20220103 09:48:38.389"/>
</kw>
<kw name="Click Element" library="SeleniumLibrary">
<arg>//*[@id="login-modal"]/div/div/div[2]/form/div[3]/button</arg>
<doc>Click the element identified by ``locator``.</doc>
<msg timestamp="20220103 09:48:38.390" level="INFO">Clicking element '//*[@id="login-modal"]/div/div/div[2]/form/div[3]/button'.</msg>
<status status="PASS" starttime="20220103 09:48:38.390" endtime="20220103 09:48:38.462"/>
</kw>
<status status="PASS" starttime="20220103 09:48:29.900" endtime="20220103 09:48:38.464"/>
</test>
<test id="s1-t2" name="Next Process">
<kw name="Sleep" library="BuiltIn">
<arg>15</arg>
<doc>Pauses the test executed for the given time.</doc>
<msg timestamp="20220103 09:48:53.474" level="INFO">Slept 15 seconds</msg>
<status status="PASS" starttime="20220103 09:48:38.472" endtime="20220103 09:48:53.474"/>
</kw>
<kw name="Log To Console" library="BuiltIn">
<arg>tesssss</arg>
<doc>Logs the given message to the console.</doc>
<status status="PASS" starttime="20220103 09:48:53.476" endtime="20220103 09:48:53.482"/>
</kw>
<for flavor="IN RANGE">
<var>${i}</var>
<value>0</value>
<value>50</value>
<iter>
<var name="${i}">0</var>
<kw name="Wait Until Element Is Visible" library="SeleniumLibrary">
<arg>//*[contains(text(),'Daftar Modul')]</arg>
<doc>Waits until the element ``locator`` is visible.</doc>
<status status="PASS" starttime="20220103 09:48:53.483" endtime="20220103 09:48:53.539"/>
</kw>
<kw name="Wait Until Element Is Visible" library="SeleniumLibrary">
<arg>//a[contains(text(),'Selanjutnya')]</arg>
<doc>Waits until the element ``locator`` is visible.</doc>
<status status="PASS" starttime="20220103 09:48:53.539" endtime="20220103 09:48:53.564"/>
</kw>
<kw name="Sleep" library="BuiltIn">
<arg>1</arg>
<doc>Pauses the test executed for the given time.</doc>
<msg timestamp="20220103 09:48:54.567" level="INFO">Slept 1 second</msg>
<status status="PASS" starttime="20220103 09:48:53.564" endtime="20220103 09:48:54.567"/>
</kw>
<kw name="Click Element" library="SeleniumLibrary">
<arg>//a[contains(text(),'Selanjutnya')]</arg>
<doc>Click the element identified by ``locator``.</doc>
<msg timestamp="20220103 09:48:54.567" level="INFO">Clicking element '//a[contains(text(),'Selanjutnya')]'.</msg>
<status status="PASS" starttime="20220103 09:48:54.567" endtime="20220103 09:48:58.040"/>
</kw>
<status status="PASS" starttime="20220103 09:48:53.483" endtime="20220103 09:48:58.040"/>
</iter>
<iter>
<var name="${i}">1</var>
<kw name="Wait Until Element Is Visible" library="SeleniumLibrary">
<arg>//*[contains(text(),'Daftar Modul')]</arg>
<doc>Waits until the element ``locator`` is visible.</doc>
<status status="PASS" starttime="20220103 09:48:58.040" endtime="20220103 09:48:58.062"/>
</kw>
<kw name="Wait Until Element Is Visible" library="SeleniumLibrary">
<arg>//a[contains(text(),'Selanjutnya')]</arg>
<doc>Waits until the element ``locator`` is visible.</doc>
<msg timestamp="20220103 09:49:03.138" level="FAIL">Element '//a[contains(text(),'Selanjutnya')]' not visible after 5 seconds.</msg>
<status status="FAIL" starttime="20220103 09:48:58.062" endtime="20220103 09:49:03.138"/>
</kw>
<kw name="Sleep" library="BuiltIn">
<arg>1</arg>
<doc>Pauses the test executed for the given time.</doc>
<status status="NOT RUN" starttime="20220103 09:49:03.138" endtime="20220103 09:49:03.138"/>
</kw>
<kw name="Click Element" library="SeleniumLibrary">
<arg>//a[contains(text(),'Selanjutnya')]</arg>
<doc>Click the element identified by ``locator``.</doc>
<status status="NOT RUN" starttime="20220103 09:49:03.138" endtime="20220103 09:49:03.138"/>
</kw>
<status status="FAIL" starttime="20220103 09:48:58.040" endtime="20220103 09:49:03.138"/>
</iter>
<status status="FAIL" starttime="20220103 09:48:53.483" endtime="20220103 09:49:03.138"/>
</for>
<status status="FAIL" starttime="20220103 09:48:38.470" endtime="20220103 09:49:03.144">Element '//a[contains(text(),'Selanjutnya')]' not visible after 5 seconds.</status>
</test>
<status status="FAIL" starttime="20220103 09:48:29.601" endtime="20220103 09:49:03.153"/>
</suite>
<statistics>
<total>
<stat pass="1" fail="1" skip="0">All Tasks</stat>
</total>
<tag>
</tag>
<suite>
<stat pass="1" fail="1" skip="0" id="s1" name="Service">Service</stat>
</suite>
</statistics>
<errors>
</errors>
</robot>
